\BOOKMARK [0][-]{chapter.1}{Introducci\363n}{}% 1
\BOOKMARK [1][-]{section.1.1}{Objetivo}{chapter.1}% 2
\BOOKMARK [1][-]{section.1.2}{Alcance}{chapter.1}% 3
\BOOKMARK [1][-]{section.1.3}{Descripci\363n}{chapter.1}% 4
\BOOKMARK [0][-]{chapter.2}{Antecedentes}{}% 5
\BOOKMARK [1][-]{section.2.1}{Marco\040te\363rico}{chapter.2}% 6
\BOOKMARK [2][-]{subsection.2.1.1}{Lesiones\040deportivas\040en\040f\372tbol}{section.2.1}% 7
\BOOKMARK [2][-]{subsection.2.1.2}{Contexto\040del\040f\372tbol\040argentino}{section.2.1}% 8
\BOOKMARK [2][-]{subsection.2.1.3}{Lesiones\040por\040torsi\363n\040en\040el\040tren\040inferior}{section.2.1}% 9
\BOOKMARK [2][-]{subsection.2.1.4}{Biomec\341nica\040del\040movimiento\040en\040f\372tbol}{section.2.1}% 10
\BOOKMARK [2][-]{subsection.2.1.5}{Prevenci\363n\040de\040lesiones\040y\040an\341lisis\040del\040movimiento}{section.2.1}% 11
\BOOKMARK [2][-]{subsection.2.1.6}{Inteligencia\040artificial\040aplicada\040al\040deporte}{section.2.1}% 12
\BOOKMARK [2][-]{subsection.2.1.7}{Visi\363n\040por\040computadora}{section.2.1}% 13
\BOOKMARK [2][-]{subsection.2.1.8}{Estimaci\363n\040de\040postura\040humana}{section.2.1}% 14
\BOOKMARK [2][-]{subsection.2.1.9}{Machine\040learning\040aplicado\040al\040an\341lisis\040de\040movimiento}{section.2.1}% 15
\BOOKMARK [0][-]{chapter.3}{Conclusi\363n}{}% 16
\BOOKMARK [1][-]{section.3.1}{Resumen\040de\040aportes}{chapter.3}% 17
\BOOKMARK [1][-]{section.3.2}{Trabajo\040futuro}{chapter.3}% 18
\BOOKMARK [0][-]{section*.4}{Bibliograf\355a}{}% 19
\BOOKMARK [0][-]{section*.4}{Anexo}{}% 20
\BOOKMARK [1][-]{appendix*.5}{Anexo\040A:\040Cronograma\040de\040actividades}{section*.4}% 21
\BOOKMARK [1][-]{appendix*.6}{Anexo\040B:\040Resultados\040de\040la\040encuesta}{section*.4}% 22
\BOOKMARK [1][-]{appendix*.7}{Anexo\040C:\040Transcripci\363n\040de\040la\040entrevista\040a\040Richard\040Feynman}{section*.4}% 23
